<?xml version="1.0" encoding="UTF-8"?>
<!-- Generated by org.testng.reporters.JUnitXMLReporter -->
<testsuite ignored="0" hostname="Indra" failures="0" tests="3" name="Default test" time="19.135" errors="0" timestamp="2024-04-08T15:37:51 EDT">
  <testcase classname="com.indra.automation.testcases.LoginTest" name="loginTestWithValidCredentials" time="1.771"/>
  <testcase classname="com.indra.automation.testcases.LoginTest" name="loginTestWithValidCredentials" time="1.548"/>
  <testcase classname="com.indra.automation.testcases.LoginTest" name="loginTestWithValidCredentials" time="1.65"/>
</testsuite> <!-- Default test -->
