<?xml version="1.0" encoding="UTF-8"?>
<!-- Generated by org.testng.reporters.JUnitXMLReporter -->
<testsuite ignored="0" hostname="Indra" failures="0" tests="6" name="TestCases" time="34.335" errors="0" timestamp="2024-04-07T20:12:51 EDT">
  <testcase classname="com.indra.automation.testcases.RegisterTest" name="registerWithInvalidEmail" time="3.066"/>
  <testcase classname="com.indra.automation.testcases.RegisterTest" name="registerWithValidDetails" time="2.683"/>
  <testcase classname="com.indra.automation.testcases.LoginTest" name="loginTestWithValidCredentials" time="1.64"/>
  <testcase classname="com.indra.automation.testcases.SearchTest" name="searchExistingProduct" time="0.774"/>
  <testcase classname="com.indra.automation.testcases.SearchTest" name="searchNoProduct" time="0.522"/>
  <testcase classname="com.indra.automation.testcases.SearchTest" name="searchNonExistingProduct" time="0.584"/>
</testsuite> <!-- TestCases -->
