<?xml version="1.0" encoding="UTF-8"?>
<testng-results ignored="0" total="3" passed="3" failed="0" skipped="0">
  <reporter-output>
  </reporter-output>
  <suite started-at="2024-04-08T15:37:32 EDT" name="Default suite" finished-at="2024-04-08T15:37:51 EDT" duration-ms="19135">
    <groups>
    </groups>
    <test started-at="2024-04-08T15:37:32 EDT" name="Default test" finished-at="2024-04-08T15:37:51 EDT" duration-ms="19135">
      <class name="com.indra.automation.testcases.LoginTest">
        <test-method is-config="true" signature="setUp()[pri:0, instance:com.indra.automation.testcases.LoginTest@2a7f1f10]" started-at="2024-04-08T15:37:33 EDT" name="setUp" finished-at="2024-04-08T15:37:38 EDT" duration-ms="5663" status="PASS">
          <reporter-output>
          </reporter-output>
        </test-method> <!-- setUp -->
        <test-method signature="loginTestWithValidCredentials(java.lang.String,java.lang.String)[pri:0, instance:com.indra.automation.testcases.LoginTest@2a7f1f10]" started-at="2024-04-08T15:37:38 EDT" name="loginTestWithValidCredentials" data-provider="validCredentials" finished-at="2024-04-08T15:37:40 EDT" duration-ms="1771" status="PASS">
          <params>
            <param index="0">
              <value>
                <![CDATA[indraprashanthsj@gmail.com]]>
              </value>
            </param>
            <param index="1">
              <value>
                <![CDATA[Indra@1999]]>
              </value>
            </param>
          </params>
          <reporter-output>
          </reporter-output>
        </test-method> <!-- loginTestWithValidCredentials -->
        <test-method is-config="true" signature="tearDown()[pri:0, instance:com.indra.automation.testcases.LoginTest@2a7f1f10]" started-at="2024-04-08T15:37:40 EDT" name="tearDown" finished-at="2024-04-08T15:37:40 EDT" duration-ms="174" status="PASS">
          <reporter-output>
          </reporter-output>
        </test-method> <!-- tearDown -->
        <test-method is-config="true" signature="setUp()[pri:0, instance:com.indra.automation.testcases.LoginTest@2a7f1f10]" started-at="2024-04-08T15:37:40 EDT" name="setUp" finished-at="2024-04-08T15:37:44 EDT" duration-ms="3688" status="PASS">
          <reporter-output>
          </reporter-output>
        </test-method> <!-- setUp -->
        <test-method signature="loginTestWithValidCredentials(java.lang.String,java.lang.String)[pri:0, instance:com.indra.automation.testcases.LoginTest@2a7f1f10]" started-at="2024-04-08T15:37:44 EDT" name="loginTestWithValidCredentials" data-provider="validCredentials" finished-at="2024-04-08T15:37:46 EDT" duration-ms="1548" status="PASS">
          <params>
            <param index="0">
              <value>
                <![CDATA[indraprashanthsj@gmail.com]]>
              </value>
            </param>
            <param index="1">
              <value>
                <![CDATA[Indra@1999]]>
              </value>
            </param>
          </params>
          <reporter-output>
          </reporter-output>
        </test-method> <!-- loginTestWithValidCredentials -->
        <test-method is-config="true" signature="tearDown()[pri:0, instance:com.indra.automation.testcases.LoginTest@2a7f1f10]" started-at="2024-04-08T15:37:46 EDT" name="tearDown" finished-at="2024-04-08T15:37:46 EDT" duration-ms="204" status="PASS">
          <reporter-output>
          </reporter-output>
        </test-method> <!-- tearDown -->
        <test-method is-config="true" signature="setUp()[pri:0, instance:com.indra.automation.testcases.LoginTest@2a7f1f10]" started-at="2024-04-08T15:37:46 EDT" name="setUp" finished-at="2024-04-08T15:37:49 EDT" duration-ms="3694" status="PASS">
          <reporter-output>
          </reporter-output>
        </test-method> <!-- setUp -->
        <test-method signature="loginTestWithValidCredentials(java.lang.String,java.lang.String)[pri:0, instance:com.indra.automation.testcases.LoginTest@2a7f1f10]" started-at="2024-04-08T15:37:49 EDT" name="loginTestWithValidCredentials" data-provider="validCredentials" finished-at="2024-04-08T15:37:51 EDT" duration-ms="1650" status="PASS">
          <params>
            <param index="0">
              <value>
                <![CDATA[indraprashanthsj@gmail.com]]>
              </value>
            </param>
            <param index="1">
              <value>
                <![CDATA[Indra@1999]]>
              </value>
            </param>
          </params>
          <reporter-output>
          </reporter-output>
        </test-method> <!-- loginTestWithValidCredentials -->
        <test-method is-config="true" signature="tearDown()[pri:0, instance:com.indra.automation.testcases.LoginTest@2a7f1f10]" started-at="2024-04-08T15:37:51 EDT" name="tearDown" finished-at="2024-04-08T15:37:51 EDT" duration-ms="180" status="PASS">
          <reporter-output>
          </reporter-output>
        </test-method> <!-- tearDown -->
      </class> <!-- com.indra.automation.testcases.LoginTest -->
    </test> <!-- Default test -->
  </suite> <!-- Default suite -->
</testng-results>
