<?xml version="1.0" encoding="UTF-8"?>
<testng-results ignored="0" total="6" passed="6" failed="0" skipped="0">
  <reporter-output>
  </reporter-output>
  <suite started-at="2024-04-07T20:12:17 EDT" name="AutomationSuite" finished-at="2024-04-07T20:12:51 EDT" duration-ms="34335">
    <groups>
    </groups>
    <test started-at="2024-04-07T20:12:17 EDT" name="TestCases" finished-at="2024-04-07T20:12:51 EDT" duration-ms="34335">
      <class name="com.indra.automation.testcases.RegisterTest">
        <test-method is-config="true" signature="setUp()[pri:0, instance:com.indra.automation.testcases.RegisterTest@41a0aa7d]" started-at="2024-04-07T20:12:17 EDT" name="setUp" finished-at="2024-04-07T20:12:22 EDT" duration-ms="5197" status="PASS">
          <reporter-output>
          </reporter-output>
        </test-method> <!-- setUp -->
        <test-method signature="registerWithInvalidEmail()[pri:0, instance:com.indra.automation.testcases.RegisterTest@41a0aa7d]" started-at="2024-04-07T20:12:22 EDT" name="registerWithInvalidEmail" finished-at="2024-04-07T20:12:25 EDT" duration-ms="3066" status="PASS">
          <reporter-output>
          </reporter-output>
        </test-method> <!-- registerWithInvalidEmail -->
        <test-method is-config="true" signature="tearDown()[pri:0, instance:com.indra.automation.testcases.RegisterTest@41a0aa7d]" started-at="2024-04-07T20:12:25 EDT" name="tearDown" finished-at="2024-04-07T20:12:25 EDT" duration-ms="0" status="PASS">
          <reporter-output>
          </reporter-output>
        </test-method> <!-- tearDown -->
        <test-method is-config="true" signature="setUp()[pri:0, instance:com.indra.automation.testcases.RegisterTest@41a0aa7d]" started-at="2024-04-07T20:12:25 EDT" name="setUp" finished-at="2024-04-07T20:12:30 EDT" duration-ms="4626" status="PASS">
          <reporter-output>
          </reporter-output>
        </test-method> <!-- setUp -->
        <test-method signature="registerWithValidDetails()[pri:0, instance:com.indra.automation.testcases.RegisterTest@41a0aa7d]" started-at="2024-04-07T20:12:30 EDT" name="registerWithValidDetails" finished-at="2024-04-07T20:12:32 EDT" duration-ms="2683" status="PASS">
          <reporter-output>
          </reporter-output>
        </test-method> <!-- registerWithValidDetails -->
        <test-method is-config="true" signature="tearDown()[pri:0, instance:com.indra.automation.testcases.RegisterTest@41a0aa7d]" started-at="2024-04-07T20:12:32 EDT" name="tearDown" finished-at="2024-04-07T20:12:32 EDT" duration-ms="0" status="PASS">
          <reporter-output>
          </reporter-output>
        </test-method> <!-- tearDown -->
      </class> <!-- com.indra.automation.testcases.RegisterTest -->
      <class name="com.indra.automation.testcases.SearchTest">
        <test-method is-config="true" signature="setUp()[pri:0, instance:com.indra.automation.testcases.SearchTest@7ef82753]" started-at="2024-04-07T20:12:38 EDT" name="setUp" finished-at="2024-04-07T20:12:42 EDT" duration-ms="3615" status="PASS">
          <reporter-output>
          </reporter-output>
        </test-method> <!-- setUp -->
        <test-method signature="searchExistingProduct()[pri:0, instance:com.indra.automation.testcases.SearchTest@7ef82753]" started-at="2024-04-07T20:12:42 EDT" name="searchExistingProduct" finished-at="2024-04-07T20:12:42 EDT" duration-ms="774" status="PASS">
          <reporter-output>
          </reporter-output>
        </test-method> <!-- searchExistingProduct -->
        <test-method is-config="true" signature="tearDown()[pri:0, instance:com.indra.automation.testcases.SearchTest@7ef82753]" started-at="2024-04-07T20:12:42 EDT" name="tearDown" finished-at="2024-04-07T20:12:42 EDT" duration-ms="151" status="PASS">
          <reporter-output>
          </reporter-output>
        </test-method> <!-- tearDown -->
        <test-method is-config="true" signature="setUp()[pri:0, instance:com.indra.automation.testcases.SearchTest@7ef82753]" started-at="2024-04-07T20:12:42 EDT" name="setUp" finished-at="2024-04-07T20:12:46 EDT" duration-ms="3603" status="PASS">
          <reporter-output>
          </reporter-output>
        </test-method> <!-- setUp -->
        <test-method signature="searchNoProduct()[pri:0, instance:com.indra.automation.testcases.SearchTest@7ef82753]" started-at="2024-04-07T20:12:46 EDT" name="searchNoProduct" finished-at="2024-04-07T20:12:47 EDT" duration-ms="522" status="PASS">
          <reporter-output>
          </reporter-output>
        </test-method> <!-- searchNoProduct -->
        <test-method is-config="true" signature="tearDown()[pri:0, instance:com.indra.automation.testcases.SearchTest@7ef82753]" started-at="2024-04-07T20:12:47 EDT" name="tearDown" finished-at="2024-04-07T20:12:47 EDT" duration-ms="132" status="PASS">
          <reporter-output>
          </reporter-output>
        </test-method> <!-- tearDown -->
        <test-method is-config="true" signature="setUp()[pri:0, instance:com.indra.automation.testcases.SearchTest@7ef82753]" started-at="2024-04-07T20:12:47 EDT" name="setUp" finished-at="2024-04-07T20:12:50 EDT" duration-ms="3591" status="PASS">
          <reporter-output>
          </reporter-output>
        </test-method> <!-- setUp -->
        <test-method signature="searchNonExistingProduct()[pri:0, instance:com.indra.automation.testcases.SearchTest@7ef82753]" started-at="2024-04-07T20:12:50 EDT" name="searchNonExistingProduct" finished-at="2024-04-07T20:12:51 EDT" duration-ms="584" status="PASS">
          <reporter-output>
          </reporter-output>
        </test-method> <!-- searchNonExistingProduct -->
        <test-method is-config="true" signature="tearDown()[pri:0, instance:com.indra.automation.testcases.SearchTest@7ef82753]" started-at="2024-04-07T20:12:51 EDT" name="tearDown" finished-at="2024-04-07T20:12:51 EDT" duration-ms="169" status="PASS">
          <reporter-output>
          </reporter-output>
        </test-method> <!-- tearDown -->
      </class> <!-- com.indra.automation.testcases.SearchTest -->
      <class name="com.indra.automation.testcases.LoginTest">
        <test-method is-config="true" signature="setUp()[pri:0, instance:com.indra.automation.testcases.LoginTest@3e27ba32]" started-at="2024-04-07T20:12:32 EDT" name="setUp" finished-at="2024-04-07T20:12:36 EDT" duration-ms="3744" status="PASS">
          <reporter-output>
          </reporter-output>
        </test-method> <!-- setUp -->
        <test-method signature="loginTestWithValidCredentials()[pri:0, instance:com.indra.automation.testcases.LoginTest@3e27ba32]" started-at="2024-04-07T20:12:36 EDT" name="loginTestWithValidCredentials" finished-at="2024-04-07T20:12:38 EDT" duration-ms="1640" status="PASS">
          <reporter-output>
          </reporter-output>
        </test-method> <!-- loginTestWithValidCredentials -->
        <test-method is-config="true" signature="tearDown()[pri:0, instance:com.indra.automation.testcases.LoginTest@3e27ba32]" started-at="2024-04-07T20:12:38 EDT" name="tearDown" finished-at="2024-04-07T20:12:38 EDT" duration-ms="180" status="PASS">
          <reporter-output>
          </reporter-output>
        </test-method> <!-- tearDown -->
      </class> <!-- com.indra.automation.testcases.LoginTest -->
    </test> <!-- TestCases -->
  </suite> <!-- AutomationSuite -->
</testng-results>
